This is pdfTeX, Version 3.14159265-2.6-1.40.21 (TeX Live 2020/W32TeX) (preloaded format=pdflatex 2020.6.11)  17 JUN 2020 12:48
entering extended mode
 restricted \write18 enabled.
 %&-line parsing enabled.
**book-ncar.tex
(./book-ncar.tex
LaTeX2e <2020-02-02> patch level 5
L3 programming layer <2020-06-03> (./krantz.cls
Document Class: krantz 2005/09/16 v1.4f Standard LaTeX document class
(d:/texlive/2020/texmf-dist/tex/latex/base/bk12.clo
File: bk12.clo 2019/12/20 v1.4l Standard LaTeX file (size option)
)
\trimheight=\dimen134
\trimwidth=\dimen135
\normaltextheight=\dimen136
\tempa=\dimen137
\tempdimen=\dimen138
\htrim=\dimen139
\vtrimtop=\dimen140
\vtrimbot=\dimen141
\ul@box=\box45
\ur@box=\box46
\ll@box=\box47
\lr@box=\box48
\@cipboxa=\box49
\@cipboxb=\box50
\@ciprulewidth=\dimen142
\c@part=\count167
\c@chapter=\count168
\c@section=\count169
\c@subsection=\count170
\c@subsubsection=\count171
\c@paragraph=\count172
\c@subparagraph=\count173
\secwd=\dimen143
\subsecwd=\dimen144
\subsubsecwd=\dimen145
\c@figure=\count174
\c@table=\count175
\abovecaptionskip=\skip47
\belowcaptionskip=\skip48
\c@numauthors=\count176
\section@toc@skip=\skip49
\SectionTOCWidth=\skip50
\subsection@toc@skip=\skip51
\SubSectionTOCWidth=\skip52
\subsubsection@toc@skip=\skip53
\SubSubSectionTOCWidth=\skip54
\paragraph@toc@skip=\skip55
\ParagraphTOCWidth=\skip56
\subparagraph@toc@skip=\skip57
\@AUonebox=\box51
\@AUtwobox=\box52
\@AUthreebox=\box53
\@AUfourbox=\box54
\@AUaffonebox=\box55
\@AUafftwobox=\box56
\@AUaffthreebox=\box57
\@AUafffourbox=\box58
\@finalAUboxfromone=\box59
\@finalAUboxfromtwo=\box60
\@finalAUboxfromthree=\box61
\@finalAUboxfromfour=\box62
\c@chaptocdepth=\count177
\bibindent=\dimen146
\tempbox=\box63
\nomenwidth=\dimen147
\@tablebox=\box64
\@tabletitlebox=\box65
\@tablewidth=\dimen148
\@tabletitlewidth=\dimen149
\max@tablewidth=\dimen150
\tempbox=\box66
\tempdimen=\dimen151
\tempbox=\box67
\notewidth=\dimen152
\wherebox=\box68
\wherewidth=\dimen153
\listtextleftmargin=\skip58
\listtextleftmarginii=\skip59
\listtextleftmarginiii=\skip60
\listtextrightmargin=\skip61
\listlabelleftskip=\skip62
\listlabelleftskipii=\skip63
\listlabelleftskipiii=\skip64
\abovelistskipi=\skip65
\belowlistskipi=\skip66
\abovelistskipii=\skip67
\belowlistskipii=\skip68
\abovelistskipiii=\skip69
\belowlistskipiii=\skip70
\labelsepi=\skip71
\labelsepii=\skip72
\labelsepiii=\skip73
\itemsepi=\skip74
\itemsepii=\skip75
\itemsepiii=\skip76
\enumdimwd=\dimen154
\enumdim=\dimen155
\concolwidth=\dimen156
\stempbox=\box69
) (d:/texlive/2020/texmf-dist/tex/latex/lm/lmodern.sty
Package: lmodern 2009/10/30 v1.6 Latin Modern Fonts
LaTeX Font Info:    Overwriting symbol font `operators' in version `normal'
(Font)                  OT1/cmr/m/n --> OT1/lmr/m/n on input line 22.
LaTeX Font Info:    Overwriting symbol font `letters' in version `normal'
(Font)                  OML/cmm/m/it --> OML/lmm/m/it on input line 23.
LaTeX Font Info:    Overwriting symbol font `symbols' in version `normal'
(Font)                  OMS/cmsy/m/n --> OMS/lmsy/m/n on input line 24.
LaTeX Font Info:    Overwriting symbol font `largesymbols' in version `normal'
(Font)                  OMX/cmex/m/n --> OMX/lmex/m/n on input line 25.
LaTeX Font Info:    Overwriting symbol font `operators' in version `bold'
(Font)                  OT1/cmr/bx/n --> OT1/lmr/bx/n on input line 26.
LaTeX Font Info:    Overwriting symbol font `letters' in version `bold'
(Font)                  OML/cmm/b/it --> OML/lmm/b/it on input line 27.
LaTeX Font Info:    Overwriting symbol font `symbols' in version `bold'
(Font)                  OMS/cmsy/b/n --> OMS/lmsy/b/n on input line 28.
LaTeX Font Info:    Overwriting symbol font `largesymbols' in version `bold'
(Font)                  OMX/cmex/m/n --> OMX/lmex/m/n on input line 29.
LaTeX Font Info:    Overwriting math alphabet `\mathbf' in version `normal'
(Font)                  OT1/cmr/bx/n --> OT1/lmr/bx/n on input line 31.
LaTeX Font Info:    Overwriting math alphabet `\mathsf' in version `normal'
(Font)                  OT1/cmss/m/n --> OT1/lmss/m/n on input line 32.
LaTeX Font Info:    Overwriting math alphabet `\mathit' in version `normal'
(Font)                  OT1/cmr/m/it --> OT1/lmr/m/it on input line 33.
LaTeX Font Info:    Overwriting math alphabet `\mathtt' in version `normal'
(Font)                  OT1/cmtt/m/n --> OT1/lmtt/m/n on input line 34.
LaTeX Font Info:    Overwriting math alphabet `\mathbf' in version `bold'
(Font)                  OT1/cmr/bx/n --> OT1/lmr/bx/n on input line 35.
LaTeX Font Info:    Overwriting math alphabet `\mathsf' in version `bold'
(Font)                  OT1/cmss/bx/n --> OT1/lmss/bx/n on input line 36.
LaTeX Font Info:    Overwriting math alphabet `\mathit' in version `bold'
(Font)                  OT1/cmr/bx/it --> OT1/lmr/bx/it on input line 37.
LaTeX Font Info:    Overwriting math alphabet `\mathtt' in version `bold'
(Font)                  OT1/cmtt/m/n --> OT1/lmtt/m/n on input line 38.
) (d:/texlive/2020/texmf-dist/tex/latex/amsfonts/amssymb.sty
Package: amssymb 2013/01/14 v3.01 AMS font symbols
(d:/texlive/2020/texmf-dist/tex/latex/amsfonts/amsfonts.sty
Package: amsfonts 2013/01/14 v3.01 Basic AMSFonts support
\@emptytoks=\toks15
\symAMSa=\mathgroup4
\symAMSb=\mathgroup5
LaTeX Font Info:    Redeclaring math symbol \hbar on input line 98.
LaTeX Font Info:    Overwriting math alphabet `\mathfrak' in version `bold'
(Font)                  U/euf/m/n --> U/euf/b/n on input line 106.
)) (d:/texlive/2020/texmf-dist/tex/latex/amsmath/amsmath.sty
Package: amsmath 2020/01/20 v2.17e AMS math features
\@mathmargin=\skip77
For additional information on amsmath, use the `?' option.
(d:/texlive/2020/texmf-dist/tex/latex/amsmath/amstext.sty
Package: amstext 2000/06/29 v2.01 AMS text
(d:/texlive/2020/texmf-dist/tex/latex/amsmath/amsgen.sty
File: amsgen.sty 1999/11/30 v2.0 generic functions
\@emptytoks=\toks16
\ex@=\dimen157
)) (d:/texlive/2020/texmf-dist/tex/latex/amsmath/amsbsy.sty
Package: amsbsy 1999/11/29 v1.2d Bold Symbols
\pmbraise@=\dimen158
) (d:/texlive/2020/texmf-dist/tex/latex/amsmath/amsopn.sty
Package: amsopn 2016/03/08 v2.02 operator names
)
\inf@bad=\count178
LaTeX Info: Redefining \frac on input line 227.
\uproot@=\count179
\leftroot@=\count180
LaTeX Info: Redefining \overline on input line 389.
\classnum@=\count181
\DOTSCASE@=\count182
LaTeX Info: Redefining \ldots on input line 486.
LaTeX Info: Redefining \dots on input line 489.
LaTeX Info: Redefining \cdots on input line 610.
\Mathstrutbox@=\box70
\strutbox@=\box71
\big@size=\dimen159
LaTeX Font Info:    Redeclaring font encoding OML on input line 733.
LaTeX Font Info:    Redeclaring font encoding OMS on input line 734.
\macc@depth=\count183
\c@MaxMatrixCols=\count184
\dotsspace@=\muskip16
\c@parentequation=\count185
\dspbrk@lvl=\count186
\tag@help=\toks17
\row@=\count187
\column@=\count188
\maxfields@=\count189
\andhelp@=\toks18
\eqnshift@=\dimen160
\alignsep@=\dimen161
\tagshift@=\dimen162
\tagwidth@=\dimen163
\totwidth@=\dimen164
\lineht@=\dimen165
\@envbody=\toks19
\multlinegap=\skip78
\multlinetaggap=\skip79
\mathdisplay@stack=\toks20
LaTeX Info: Redefining \[ on input line 2859.
LaTeX Info: Redefining \] on input line 2860.
) (d:/texlive/2020/texmf-dist/tex/generic/iftex/ifxetex.sty
Package: ifxetex 2019/10/25 v0.7 ifxetex legacy package. Use iftex instead.
(d:/texlive/2020/texmf-dist/tex/generic/iftex/iftex.sty
Package: iftex 2020/03/06 v1.0d TeX engine tests
)) (d:/texlive/2020/texmf-dist/tex/generic/iftex/ifluatex.sty
Package: ifluatex 2019/10/25 v1.5 ifluatex legacy package. Use iftex instead.
) (d:/texlive/2020/texmf-dist/tex/latex/base/fontenc.sty
Package: fontenc 2020/02/11 v2.0o Standard LaTeX package
LaTeX Font Info:    Trying to load font information for T1+lmr on input line 11
2.
(d:/texlive/2020/texmf-dist/tex/latex/lm/t1lmr.fd
File: t1lmr.fd 2009/10/30 v1.6 Font defs for Latin Modern
)) (d:/texlive/2020/texmf-dist/tex/latex/base/inputenc.sty
Package: inputenc 2018/08/11 v1.3c Input encoding file
\inpenc@prehook=\toks21
\inpenc@posthook=\toks22
) (d:/texlive/2020/texmf-dist/tex/latex/base/textcomp.sty
Package: textcomp 2020/02/02 v2.0n Standard LaTeX package
) (d:/texlive/2020/texmf-dist/tex/latex/upquote/upquote.sty
Package: upquote 2012/04/19 v1.3 upright-quote and grave-accent glyphs in verba
tim
) (d:/texlive/2020/texmf-dist/tex/latex/microtype/microtype.sty
Package: microtype 2019/11/18 v2.7d Micro-typographical refinements (RS)
(d:/texlive/2020/texmf-dist/tex/latex/graphics/keyval.sty
Package: keyval 2014/10/28 v1.15 key=value parser (DPC)
\KV@toks@=\toks23
)
\MT@toks=\toks24
\MT@count=\count190
LaTeX Info: Redefining \textls on input line 790.
\MT@outer@kern=\dimen166
LaTeX Info: Redefining \textmicrotypecontext on input line 1354.
\MT@listname@count=\count191
(d:/texlive/2020/texmf-dist/tex/latex/microtype/microtype-pdftex.def
File: microtype-pdftex.def 2019/11/18 v2.7d Definitions specific to pdftex (RS)

LaTeX Info: Redefining \lsstyle on input line 914.
LaTeX Info: Redefining \lslig on input line 914.
\MT@outer@space=\skip80
)
Package microtype Info: Loading configuration file microtype.cfg.
(d:/texlive/2020/texmf-dist/tex/latex/microtype/microtype.cfg
File: microtype.cfg 2019/11/18 v2.7d microtype main configuration file (RS)
)) (d:/texlive/2020/texmf-dist/tex/latex/parskip/parskip.sty
Package: parskip 2020-05-19 v2.0e non-zero parskip adjustments
(d:/texlive/2020/texmf-dist/tex/latex/kvoptions/kvoptions.sty
Package: kvoptions 2019/11/29 v3.13 Key value format for package options (HO)
(d:/texlive/2020/texmf-dist/tex/generic/ltxcmds/ltxcmds.sty
Package: ltxcmds 2019/12/15 v1.24 LaTeX kernel commands for general use (HO)
) (d:/texlive/2020/texmf-dist/tex/generic/kvsetkeys/kvsetkeys.sty
Package: kvsetkeys 2019/12/15 v1.18 Key value parser (HO)
)) (d:/texlive/2020/texmf-dist/tex/latex/etoolbox/etoolbox.sty
Package: etoolbox 2019/09/21 v2.5h e-TeX tools for LaTeX (JAW)
\etb@tempcnta=\count192
)) (d:/texlive/2020/texmf-dist/tex/latex/xcolor/xcolor.sty
Package: xcolor 2016/05/11 v2.12 LaTeX color extensions (UK)
(d:/texlive/2020/texmf-dist/tex/latex/graphics-cfg/color.cfg
File: color.cfg 2016/01/02 v1.6 sample color configuration
)
Package xcolor Info: Driver file: pdftex.def on input line 225.
(d:/texlive/2020/texmf-dist/tex/latex/graphics-def/pdftex.def
File: pdftex.def 2018/01/08 v1.0l Graphics/color driver for pdftex
)
Package xcolor Info: Model `cmy' substituted by `cmy0' on input line 1348.
Package xcolor Info: Model `hsb' substituted by `rgb' on input line 1352.
Package xcolor Info: Model `RGB' extended on input line 1364.
Package xcolor Info: Model `HTML' substituted by `rgb' on input line 1366.
Package xcolor Info: Model `Hsb' substituted by `hsb' on input line 1367.
Package xcolor Info: Model `tHsb' substituted by `hsb' on input line 1368.
Package xcolor Info: Model `HSB' substituted by `hsb' on input line 1369.
Package xcolor Info: Model `Gray' substituted by `gray' on input line 1370.
Package xcolor Info: Model `wave' substituted by `hsb' on input line 1371.
(d:/texlive/2020/texmf-dist/tex/latex/graphics/dvipsnam.def
File: dvipsnam.def 2016/06/17 v3.0m Driver-dependent file (DPC,SPQR)
) (d:/texlive/2020/texmf-dist/tex/latex/xcolor/svgnam.def
File: svgnam.def 2016/05/11 v2.12 Predefined colors according to SVG 1.1 (UK)
) (d:/texlive/2020/texmf-dist/tex/latex/xcolor/x11nam.def
File: x11nam.def 2016/05/11 v2.12 Predefined colors according to Unix/X11 (UK)
)) (d:/texlive/2020/texmf-dist/tex/latex/xurl/xurl.sty
Package: xurl 2020/01/24 v 0.09 modify URL breaks
(d:/texlive/2020/texmf-dist/tex/latex/url/url.sty
\Urlmuskip=\muskip17
Package: url 2013/09/16  ver 3.4  Verb mode for urls, etc.
)) (d:/texlive/2020/texmf-dist/tex/latex/bookmark/bookmark.sty
Package: bookmark 2019/12/03 v1.28 PDF bookmarks (HO)
(d:/texlive/2020/texmf-dist/tex/latex/hyperref/hyperref.sty
Package: hyperref 2020-05-15 v7.00e Hypertext links for LaTeX
(d:/texlive/2020/texmf-dist/tex/latex/pdftexcmds/pdftexcmds.sty
Package: pdftexcmds 2020-06-04 v0.32 Utility functions of pdfTeX for LuaTeX (HO
)
(d:/texlive/2020/texmf-dist/tex/generic/infwarerr/infwarerr.sty
Package: infwarerr 2019/12/03 v1.5 Providing info/warning/error messages (HO)
)
Package pdftexcmds Info: \pdf@primitive is available.
Package pdftexcmds Info: \pdf@ifprimitive is available.
Package pdftexcmds Info: \pdfdraftmode found.
) (d:/texlive/2020/texmf-dist/tex/generic/kvdefinekeys/kvdefinekeys.sty
Package: kvdefinekeys 2019-12-19 v1.6 Define keys (HO)
) (d:/texlive/2020/texmf-dist/tex/generic/pdfescape/pdfescape.sty
Package: pdfescape 2019/12/09 v1.15 Implements pdfTeX's escape features (HO)
) (d:/texlive/2020/texmf-dist/tex/latex/hycolor/hycolor.sty
Package: hycolor 2020-01-27 v1.10 Color options for hyperref/bookmark (HO)
) (d:/texlive/2020/texmf-dist/tex/latex/letltxmacro/letltxmacro.sty
Package: letltxmacro 2019/12/03 v1.6 Let assignment for LaTeX macros (HO)
) (d:/texlive/2020/texmf-dist/tex/latex/auxhook/auxhook.sty
Package: auxhook 2019-12-17 v1.6 Hooks for auxiliary files (HO)
)
\@linkdim=\dimen167
\Hy@linkcounter=\count193
\Hy@pagecounter=\count194
(d:/texlive/2020/texmf-dist/tex/latex/hyperref/pd1enc.def
File: pd1enc.def 2020-05-15 v7.00e Hyperref: PDFDocEncoding definition (HO)
Now handling font encoding PD1 ...
... no UTF-8 mapping file for font encoding PD1
) (d:/texlive/2020/texmf-dist/tex/generic/intcalc/intcalc.sty
Package: intcalc 2019/12/15 v1.3 Expandable calculations with integers (HO)
) (d:/texlive/2020/texmf-dist/tex/generic/etexcmds/etexcmds.sty
Package: etexcmds 2019/12/15 v1.7 Avoid name clashes with e-TeX commands (HO)
)
\Hy@SavedSpaceFactor=\count195
Package hyperref Info: Option `unicode' set `true' on input line 4338.
(d:/texlive/2020/texmf-dist/tex/latex/hyperref/puenc.def
File: puenc.def 2020-05-15 v7.00e Hyperref: PDF Unicode definition (HO)
Now handling font encoding PU ...
... no UTF-8 mapping file for font encoding PU
)
Package hyperref Info: Hyper figures OFF on input line 4464.
Package hyperref Info: Link nesting OFF on input line 4469.
Package hyperref Info: Hyper index ON on input line 4472.
Package hyperref Info: Plain pages OFF on input line 4479.
Package hyperref Info: Backreferencing OFF on input line 4484.
Package hyperref Info: Implicit mode ON; LaTeX internals redefined.
Package hyperref Info: Bookmarks ON on input line 4717.
\c@Hy@tempcnt=\count196
LaTeX Info: Redefining \url on input line 5076.
\XeTeXLinkMargin=\dimen168
(d:/texlive/2020/texmf-dist/tex/generic/bitset/bitset.sty
Package: bitset 2019/12/09 v1.3 Handle bit-vector datatype (HO)
(d:/texlive/2020/texmf-dist/tex/generic/bigintcalc/bigintcalc.sty
Package: bigintcalc 2019/12/15 v1.5 Expandable calculations on big integers (HO
)
))
\Fld@menulength=\count197
\Field@Width=\dimen169
\Fld@charsize=\dimen170
Package hyperref Info: Hyper figures OFF on input line 6347.
Package hyperref Info: Link nesting OFF on input line 6352.
Package hyperref Info: Hyper index ON on input line 6355.
Package hyperref Info: backreferencing OFF on input line 6362.
Package hyperref Info: Link coloring OFF on input line 6367.
Package hyperref Info: Link coloring with OCG OFF on input line 6372.
Package hyperref Info: PDF/A mode OFF on input line 6377.
LaTeX Info: Redefining \ref on input line 6417.
LaTeX Info: Redefining \pageref on input line 6421.
(d:/texlive/2020/texmf-dist/tex/generic/atbegshi/atbegshi.sty
Package: atbegshi 2019/12/05 v1.19 At begin shipout hook (HO)
)
\Hy@abspage=\count198
\c@Item=\count199
\c@Hfootnote=\count266
)
Package hyperref Info: Driver (autodetected): hpdftex.
(d:/texlive/2020/texmf-dist/tex/latex/hyperref/hpdftex.def
File: hpdftex.def 2020-05-15 v7.00e Hyperref driver for pdfTeX
(d:/texlive/2020/texmf-dist/tex/latex/atveryend/atveryend.sty
Package: atveryend 2019-12-11 v1.11 Hooks at the very end of document (HO)
)
\Fld@listcount=\count267
\c@bookmark@seq@number=\count268
(d:/texlive/2020/texmf-dist/tex/latex/rerunfilecheck/rerunfilecheck.sty
Package: rerunfilecheck 2019/12/05 v1.9 Rerun checks for auxiliary files (HO)
(d:/texlive/2020/texmf-dist/tex/generic/uniquecounter/uniquecounter.sty
Package: uniquecounter 2019/12/15 v1.4 Provide unlimited unique counter (HO)
)
Package uniquecounter Info: New unique counter `rerunfilecheck' on input line 2
86.
)
\Hy@SectionHShift=\skip81
) (d:/texlive/2020/texmf-dist/tex/latex/bookmark/bkm-pdftex.def
File: bkm-pdftex.def 2019/12/03 v1.28 bookmark driver for pdfTeX (HO)
\BKM@id=\count269
))
Package hyperref Info: Option `colorlinks' set `true' on input line 48.
(d:/texlive/2020/texmf-dist/tex/latex/fancyvrb/fancyvrb.sty
Package: fancyvrb 2020/05/03 v3.6 verbatim text (tvz,hv)
\FV@CodeLineNo=\count270
\FV@InFile=\read2
\FV@TabBox=\box72
\c@FancyVerbLine=\count271
\FV@StepNumber=\count272
\FV@OutFile=\write3
) (d:/texlive/2020/texmf-dist/tex/latex/framed/framed.sty
Package: framed 2011/10/22 v 0.96: framed or shaded text with page breaks
\OuterFrameSep=\skip82
\fb@frw=\dimen171
\fb@frh=\dimen172
\FrameRule=\dimen173
\FrameSep=\dimen174
) (d:/texlive/2020/texmf-dist/tex/latex/tools/longtable.sty
Package: longtable 2020/01/07 v4.13 Multi-page Table package (DPC)
\LTleft=\skip83
\LTright=\skip84
\LTpre=\skip85
\LTpost=\skip86
\LTchunksize=\count273
\LTcapwidth=\dimen175
\LT@head=\box73
\LT@firsthead=\box74
\LT@foot=\box75
\LT@lastfoot=\box76
\LT@cols=\count274
\LT@rows=\count275
\c@LT@tables=\count276
\c@LT@chunks=\count277
\LT@p@ftn=\toks25
) (d:/texlive/2020/texmf-dist/tex/latex/booktabs/booktabs.sty
Package: booktabs 2020/01/12 v1.61803398 Publication quality tables
\heavyrulewidth=\dimen176
\lightrulewidth=\dimen177
\cmidrulewidth=\dimen178
\belowrulesep=\dimen179
\belowbottomsep=\dimen180
\aboverulesep=\dimen181
\abovetopsep=\dimen182
\cmidrulesep=\dimen183
\cmidrulekern=\dimen184
\defaultaddspace=\dimen185
\@cmidla=\count278
\@cmidlb=\count279
\@aboverulesep=\dimen186
\@belowrulesep=\dimen187
\@thisruleclass=\count280
\@lastruleclass=\count281
\@thisrulewidth=\dimen188
) (d:/texlive/2020/texmf-dist/tex/latex/footnotehyper/footnotehyper.sty
Package: footnotehyper 2019/11/07 v1.1a hyperref aware footnote.sty (JFB)
\FNH@notes=\box77
\FNH@width=\dimen189
) (d:/texlive/2020/texmf-dist/tex/latex/graphics/graphicx.sty
Package: graphicx 2019/11/30 v1.2a Enhanced LaTeX Graphics (DPC,SPQR)
(d:/texlive/2020/texmf-dist/tex/latex/graphics/graphics.sty
Package: graphics 2019/11/30 v1.4a Standard LaTeX Graphics (DPC,SPQR)
(d:/texlive/2020/texmf-dist/tex/latex/graphics/trig.sty
Package: trig 2016/01/03 v1.10 sin cos tan (DPC)
) (d:/texlive/2020/texmf-dist/tex/latex/graphics-cfg/graphics.cfg
File: graphics.cfg 2016/06/04 v1.11 sample graphics configuration
)
Package graphics Info: Driver file: pdftex.def on input line 105.
)
\Gin@req@height=\dimen190
\Gin@req@width=\dimen191
) (d:/texlive/2020/texmf-dist/tex/latex/cjk-ko/kotex.sty
Package: kotex 2015/04/19 v1.6 Korean TeX (ko.TeX)
(d:/texlive/2020/texmf-dist/tex/latex/kotex-utf/kotex.cfg) (d:/texlive/2020/tex
mf-dist/tex/latex/kotex-utf/kotexutf.sty
Package: kotexutf 2015/07/18 v2.1.1 typesetting UTF-8 Korean documents
(d:/texlive/2020/texmf-dist/tex/plain/kotex-plain/kotexutf-core.tex
\unih@ngulpoint=\count282
\dhucs@emph@raise=\dimen192
)
Now handling font encoding LUC ...
... processing UTF-8 mapping file for font encoding LUC
(d:/texlive/2020/texmf-dist/tex/latex/kotex-utf/lucenc.dfu
File: lucenc.dfu 2007/09/05 UTF-8 support for dhucs
   defining Unicode char U+00B7 (decimal 183)
   defining Unicode char U+2018 (decimal 8216)
   defining Unicode char U+2019 (decimal 8217)
   defining Unicode char U+201C (decimal 8220)
   defining Unicode char U+201D (decimal 8221)
   defining Unicode char U+3001 (decimal 12289)
   defining Unicode char U+3002 (decimal 12290)
   defining Unicode char U+3008 (decimal 12296)
   defining Unicode char U+3009 (decimal 12297)
   defining Unicode char U+300A (decimal 12298)
   defining Unicode char U+300B (decimal 12299)
   defining Unicode char U+300C (decimal 12300)
   defining Unicode char U+300D (decimal 12301)
   defining Unicode char U+300E (decimal 12302)
   defining Unicode char U+300F (decimal 12303)
   defining Unicode char U+3010 (decimal 12304)
   defining Unicode char U+3011 (decimal 12305)
   defining Unicode char U+3014 (decimal 12308)
   defining Unicode char U+3015 (decimal 12309)
   defining Unicode char U+3016 (decimal 12310)
   defining Unicode char U+3017 (decimal 12311)
   defining Unicode char U+3018 (decimal 12312)
   defining Unicode char U+3019 (decimal 12313)
   defining Unicode char U+301A (decimal 12314)
   defining Unicode char U+301B (decimal 12315)
   defining Unicode char U+FF01 (decimal 65281)
   defining Unicode char U+FF08 (decimal 65288)
   defining Unicode char U+FF09 (decimal 65289)
   defining Unicode char U+FF0C (decimal 65292)
   defining Unicode char U+FF0E (decimal 65294)
   defining Unicode char U+FF1A (decimal 65306)
   defining Unicode char U+FF1B (decimal 65307)
   defining Unicode char U+FF1C (decimal 65308)
   defining Unicode char U+FF1D (decimal 65309)
   defining Unicode char U+FF1E (decimal 65310)
   defining Unicode char U+FF1F (decimal 65311)
   defining Unicode char U+FF3B (decimal 65339)
   defining Unicode char U+FF3D (decimal 65341)
   defining Unicode char U+FF5B (decimal 65371)
   defining Unicode char U+FF5D (decimal 65373)
   defining Unicode char U+FF61 (decimal 65377)
   defining Unicode char U+FF62 (decimal 65378)
   defining Unicode char U+FF63 (decimal 65379)
   defining Unicode char U+FF64 (decimal 65380)
   defining Unicode char U+FF65 (decimal 65381)
)
\@josa=\count283
\josatoks=\toks26
(d:/texlive/2020/texmf-dist/tex/latex/cjk-ko/kolabels-utf.sty
Package: kolabels-utf 2015/03/20 v1.5 UTF-8 Hangul item labels
)))
\cslhangindent=\skip87
(d:/texlive/2020/texmf-dist/tex/latex/l3backend/l3backend-pdfmode.def
File: l3backend-pdfmode.def 2020-06-03 L3 backend support: PDF mode
\l__kernel_color_stack_int=\count284
\l__pdf_internal_box=\box78
)
No file book-ncar.aux.
\openout1 = `book-ncar.aux'.

LaTeX Font Info:    Checking defaults for OML/cmm/m/it on input line 128.
LaTeX Font Info:    ... okay on input line 128.
LaTeX Font Info:    Checking defaults for OMS/cmsy/m/n on input line 128.
LaTeX Font Info:    ... okay on input line 128.
LaTeX Font Info:    Checking defaults for OT1/cmr/m/n on input line 128.
LaTeX Font Info:    ... okay on input line 128.
LaTeX Font Info:    Checking defaults for T1/cmr/m/n on input line 128.
LaTeX Font Info:    ... okay on input line 128.
LaTeX Font Info:    Checking defaults for TS1/cmr/m/n on input line 128.
LaTeX Font Info:    ... okay on input line 128.
LaTeX Font Info:    Checking defaults for OMX/cmex/m/n on input line 128.
LaTeX Font Info:    ... okay on input line 128.
LaTeX Font Info:    Checking defaults for U/cmr/m/n on input line 128.
LaTeX Font Info:    ... okay on input line 128.
LaTeX Font Info:    Checking defaults for PD1/pdf/m/n on input line 128.
LaTeX Font Info:    ... okay on input line 128.
LaTeX Font Info:    Checking defaults for PU/pdf/m/n on input line 128.
LaTeX Font Info:    ... okay on input line 128.
LaTeX Font Info:    Checking defaults for LUC/nanummj/m/n on input line 128.
LaTeX Font Info:    Trying to load font information for LUC+nanummj on input li
ne 128.
(d:/texlive/2020/texmf-dist/tex/latex/nanumtype1/lucnanummj.fd
File: lucnanummj.fd 2013/02/12 v0.1 Nanum Myeongjo font definitions
)
LaTeX Font Info:    ... okay on input line 128.
LaTeX Font Info:    Trying to load font information for TS1+lmr on input line 1
28.
(d:/texlive/2020/texmf-dist/tex/latex/lm/ts1lmr.fd
File: ts1lmr.fd 2009/10/30 v1.6 Font defs for Latin Modern
)

Package microtype Warning: Command \pickup@font is not defined as expected.
(microtype)                Patching it anyway. Some things may break.
(microtype)                Double-check whether micro-typography is indeed
(microtype)                applied to the document.
(microtype)                (Hint: Turn on `verbose' mode).

LaTeX Info: Redefining \microtypecontext on input line 128.
Package microtype Info: Generating PDF output.
Package microtype Info: Character protrusion enabled (level 2).
Package microtype Info: Using protrusion set `basicmath'.
Package microtype Info: Automatic font expansion enabled (level 2),
(microtype)             stretch: 20, shrink: 20, step: 1, non-selected.
Package microtype Info: Using default expansion set `basictext'.
LaTeX Info: Redefining \showhyphens on input line 128.
Package microtype Info: No adjustment of tracking.
Package microtype Info: No adjustment of interword spacing.
Package microtype Info: No adjustment of character kerning.
(d:/texlive/2020/texmf-dist/tex/latex/microtype/mt-cmr.cfg
File: mt-cmr.cfg 2013/05/19 v2.2 microtype config. file: Computer Modern Roman 
(RS)
) (d:/texlive/2020/texmf-dist/tex/context/base/mkii/supp-pdf.mkii
[Loading MPS to PDF converter (version 2006.09.02).]
\scratchcounter=\count285
\scratchdimen=\dimen193
\scratchbox=\box79
\nofMPsegments=\count286
\nofMParguments=\count287
\everyMPshowfont=\toks27
\MPscratchCnt=\count288
\MPscratchDim=\dimen194
\MPnumerator=\count289
\makeMPintoPDFobject=\count290
\everyMPtoPDFconversion=\toks28
) (d:/texlive/2020/texmf-dist/tex/latex/epstopdf-pkg/epstopdf-base.sty
Package: epstopdf-base 2020-01-24 v2.11 Base part for package epstopdf
Package epstopdf-base Info: Redefining graphics rule for `.eps' on input line 4
85.
(d:/texlive/2020/texmf-dist/tex/latex/latexconfig/epstopdf-sys.cfg
File: epstopdf-sys.cfg 2010/07/13 v1.3 Configuration of (r)epstopdf for TeX Liv
e
))
\AtBeginShipoutBox=\box80
Package hyperref Info: Link coloring ON on input line 128.
(d:/texlive/2020/texmf-dist/tex/latex/hyperref/nameref.sty
Package: nameref 2019/09/16 v2.46 Cross-referencing by name of section
(d:/texlive/2020/texmf-dist/tex/latex/refcount/refcount.sty
Package: refcount 2019/12/15 v3.6 Data extraction from label references (HO)
) (d:/texlive/2020/texmf-dist/tex/generic/gettitlestring/gettitlestring.sty
Package: gettitlestring 2019/12/15 v1.6 Cleanup title references (HO)
)
\c@section@level=\count291
)
LaTeX Info: Redefining \ref on input line 128.
LaTeX Info: Redefining \pageref on input line 128.
LaTeX Info: Redefining \nameref on input line 128.
LaTeX Font Info:    Font shape `LUC/nanummj/m/it' in size <10> not available
(Font)              Font shape `LUC/nanummj/m/sl' tried instead on input line 1
30.

Underfull \vbox (badness 10000) has occurred while \output is active []


Overfull \hbox (336.25pt too wide) has occurred while \output is active
[]
 []


Underfull \vbox (badness 10000) has occurred while \output is active []


Overfull \hbox (336.25pt too wide) has occurred while \output is active
[]
 []


Underfull \vbox (badness 10000) has occurred while \output is active []


Overfull \hbox (336.25pt too wide) has occurred while \output is active
[]
 []


Underfull \vbox (badness 10000) has occurred while \output is active []


Overfull \hbox (336.25pt too wide) has occurred while \output is active
[]
 []


Underfull \hbox (badness 10000) has occurred while \output is active
 [][][][] 
 []

[1


{d:/texlive/2020/texmf-var/fonts/map/pdftex/updmap/pdftex.map}]
Underfull \vbox (badness 10000) has occurred while \output is active []


Overfull \hbox (336.25pt too wide) has occurred while \output is active
[]
 []


Underfull \vbox (badness 10000) has occurred while \output is active []


Overfull \hbox (336.25pt too wide) has occurred while \output is active
[]
 []


Underfull \vbox (badness 10000) has occurred while \output is active []


Overfull \hbox (336.25pt too wide) has occurred while \output is active
[]
 []


Underfull \vbox (badness 10000) has occurred while \output is active []


Overfull \hbox (336.25pt too wide) has occurred while \output is active
[]
 []


Underfull \hbox (badness 10000) has occurred while \output is active
 [][][][] 
 []

[2

]
Underfull \vbox (badness 10000) detected at line 134
 []


Overfull \hbox (336.25pt too wide) detected at line 134
[]
 []


Underfull \vbox (badness 10000) detected at line 134
 []


Overfull \hbox (336.25pt too wide) detected at line 134
[]
 []


Underfull \vbox (badness 10000) detected at line 134
 []


Overfull \hbox (336.25pt too wide) detected at line 134
[]
 []


Underfull \vbox (badness 10000) detected at line 134
 []


Overfull \hbox (336.25pt too wide) detected at line 134
[]
 []


Underfull \hbox (badness 10000) detected at line 134
[]
 []

\tf@toc=\write4
\openout4 = `book-ncar.toc'.


Underfull \hbox (badness 10000) has occurred while \output is active
 [][][][] 
 []

[3]
Underfull \vbox (badness 10000) has occurred while \output is active []


Overfull \hbox (336.25pt too wide) has occurred while \output is active
[]
 []


Underfull \vbox (badness 10000) has occurred while \output is active []


Overfull \hbox (336.25pt too wide) has occurred while \output is active
[]
 []


Underfull \vbox (badness 10000) has occurred while \output is active []


Overfull \hbox (336.25pt too wide) has occurred while \output is active
[]
 []


Underfull \vbox (badness 10000) has occurred while \output is active []


Overfull \hbox (336.25pt too wide) has occurred while \output is active
[]
 []


Underfull \hbox (badness 10000) has occurred while \output is active
 [][][][] 
 []

[4

]
Underfull \vbox (badness 10000) detected at line 137
 []


Overfull \hbox (336.25pt too wide) detected at line 137
[]
 []


Underfull \vbox (badness 10000) detected at line 137
 []


Overfull \hbox (336.25pt too wide) detected at line 137
[]
 []


Underfull \vbox (badness 10000) detected at line 137
 []


Overfull \hbox (336.25pt too wide) detected at line 137
[]
 []


Underfull \vbox (badness 10000) detected at line 137
 []


Overfull \hbox (336.25pt too wide) detected at line 137
[]
 []


Underfull \hbox (badness 10000) detected at line 137
[]
 []


Package hyperref Warning: bookmark level for unknown fm defaults to 0.


Package hyperref Warning: Suppressing empty link on input line 140.

LaTeX Font Info:    Font shape `LUC/nanummj/m/it' in size <12> not available
(Font)              Font shape `LUC/nanummj/m/sl' tried instead on input line 1
64.

Underfull \hbox (badness 10000) has occurred while \output is active
 [][][][] 
 []

[5

]
<assets/cc.png, id=88, 88.33pt x 31.11626pt>
File: assets/cc.png Graphic file (type png)
<use assets/cc.png>
Package pdftex.def Info: assets/cc.png  used on input line 179.
(pdftex.def)             Requested size: 88.33112pt x 31.11664pt.
[6 <./assets/cc.png>]
Underfull \vbox (badness 10000) detected at line 189
 []


Overfull \hbox (336.25pt too wide) detected at line 189
[]
 []


Underfull \vbox (badness 10000) detected at line 189
 []


Overfull \hbox (336.25pt too wide) detected at line 189
[]
 []


Underfull \vbox (badness 10000) detected at line 189
 []


Overfull \hbox (336.25pt too wide) detected at line 189
[]
 []


Underfull \vbox (badness 10000) detected at line 189
 []


Overfull \hbox (336.25pt too wide) detected at line 189
[]
 []

Chapter 1.

Underfull \hbox (badness 10000) has occurred while \output is active
 [][][][] 
 []

pdfTeX warning (ext4): destination with the same identifier (name{page.1}) has 
been already used, duplicate ignored
<to be read again> 
                   \relax 
l.208 
       [1



]
LaTeX Font Info:    Trying to load font information for OT1+lmr on input line 2
26.
(d:/texlive/2020/texmf-dist/tex/latex/lm/ot1lmr.fd
File: ot1lmr.fd 2009/10/30 v1.6 Font defs for Latin Modern
)
LaTeX Font Info:    Trying to load font information for OML+lmm on input line 2
26.
(d:/texlive/2020/texmf-dist/tex/latex/lm/omllmm.fd
File: omllmm.fd 2009/10/30 v1.6 Font defs for Latin Modern
)
LaTeX Font Info:    Trying to load font information for OMS+lmsy on input line 
226.
(d:/texlive/2020/texmf-dist/tex/latex/lm/omslmsy.fd
File: omslmsy.fd 2009/10/30 v1.6 Font defs for Latin Modern
)
LaTeX Font Info:    Trying to load font information for OMX+lmex on input line 
226.
(d:/texlive/2020/texmf-dist/tex/latex/lm/omxlmex.fd
File: omxlmex.fd 2009/10/30 v1.6 Font defs for Latin Modern
)
LaTeX Font Info:    External font `lmex10' loaded for size
(Font)              <12> on input line 226.
LaTeX Font Info:    External font `lmex10' loaded for size
(Font)              <8> on input line 226.
LaTeX Font Info:    External font `lmex10' loaded for size
(Font)              <6> on input line 226.
LaTeX Font Info:    Trying to load font information for U+msa on input line 226
.
(d:/texlive/2020/texmf-dist/tex/latex/amsfonts/umsa.fd
File: umsa.fd 2013/01/14 v3.01 AMS symbols A
) (d:/texlive/2020/texmf-dist/tex/latex/microtype/mt-msa.cfg
File: mt-msa.cfg 2006/02/04 v1.1 microtype config. file: AMS symbols (a) (RS)
)
LaTeX Font Info:    Trying to load font information for U+msb on input line 226
.
(d:/texlive/2020/texmf-dist/tex/latex/amsfonts/umsb.fd
File: umsb.fd 2013/01/14 v3.01 AMS symbols B
) (d:/texlive/2020/texmf-dist/tex/latex/microtype/mt-msb.cfg
File: mt-msb.cfg 2005/06/01 v1.0 microtype config. file: AMS symbols (b) (RS)
)

LaTeX Warning: Reference `eq:mrt' on page 2 undefined on input line 229.

pdfTeX warning (ext4): destination with the same identifier (name{page.2}) has 
been already used, duplicate ignored
<to be read again> 
                   \relax 
l.233 \end{equation}
                     [2]
LaTeX Font Info:    External font `lmex10' loaded for size
(Font)              <10> on input line 238.
LaTeX Font Info:    External font `lmex10' loaded for size
(Font)              <7> on input line 238.
LaTeX Font Info:    External font `lmex10' loaded for size
(Font)              <5> on input line 238.
LaTeX Font Info:    Trying to load font information for T1+lmtt on input line 2
38.
(d:/texlive/2020/texmf-dist/tex/latex/lm/t1lmtt.fd
File: t1lmtt.fd 2009/10/30 v1.6 Font defs for Latin Modern
)

LaTeX Warning: Reference `fig:trapezoid' on page 3 undefined on input line 249.


LaTeX Font Info:    Font shape `T1/lmtt/bx/n' in size <12> not available
(Font)              Font shape `T1/lmtt/b/n' tried instead on input line 253.
LaTeX Font Info:    Trying to load font information for TS1+lmtt on input line 
253.
(d:/texlive/2020/texmf-dist/tex/latex/lm/ts1lmtt.fd
File: ts1lmtt.fd 2009/10/30 v1.6 Font defs for Latin Modern
)
<assets/trapezoidal.png, id=154, 215.8245pt x 166.5495pt>
File: assets/trapezoidal.png Graphic file (type png)
<use assets/trapezoidal.png>
Package pdftex.def Info: assets/trapezoidal.png  used on input line 258.
(pdftex.def)             Requested size: 215.82394pt x 166.54909pt.
LaTeX Font Info:    Trying to load font information for LUC+uhcmj on input line
 262.
(d:/texlive/2020/texmf-dist/tex/latex/kotex-utf/lucuhcmj.fd
File: lucuhcmj.fd 2013/09/26 UHC Myeongjo font definitions
)pdfTeX warning (ext4): destination with the same identifier (name{page.3}) has
 been already used, duplicate ignored
<to be read again> 
                   \relax 
l.272 \end{equation}
                     [3]pdfTeX warning (ext4): destination with the same identi
fier (name{page.4}) has been already used, duplicate ignored
<to be read again> 
                   \relax 
l.288 \]
         [4 <./assets/trapezoidal.png>]pdfTeX warning (ext4): destination with 
the same identifier (name{page.5}) has been already used, duplicate ignored
<to be read again> 
                   \relax 
l.313 
       [5]pdfTeX warning (ext4): destination with the same identifier (name{pag
e.6}) has been already used, duplicate ignored
<to be read again> 
                   \relax 
l.332 \textbf{No\_points\_Lambda\_z}
                                    \\ [6] [7] [8] [9] [10] [11]
Underfull \vbox (badness 10000) has occurred while \output is active []


Overfull \hbox (336.25pt too wide) has occurred while \output is active
[]
 []


Underfull \vbox (badness 10000) has occurred while \output is active []


Overfull \hbox (336.25pt too wide) has occurred while \output is active
[]
 []


Underfull \vbox (badness 10000) has occurred while \output is active []


Overfull \hbox (336.25pt too wide) has occurred while \output is active
[]
 []


Underfull \vbox (badness 10000) has occurred while \output is active []


Overfull \hbox (336.25pt too wide) has occurred while \output is active
[]
 []


Underfull \hbox (badness 10000) has occurred while \output is active
 [][][][] 
 []

[12

]
Underfull \vbox (badness 10000) detected at line 460
 []


Overfull \hbox (336.25pt too wide) detected at line 460
[]
 []


Underfull \vbox (badness 10000) detected at line 460
 []


Overfull \hbox (336.25pt too wide) detected at line 460
[]
 []


Underfull \vbox (badness 10000) detected at line 460
 []


Overfull \hbox (336.25pt too wide) detected at line 460
[]
 []


Underfull \vbox (badness 10000) detected at line 460
 []


Overfull \hbox (336.25pt too wide) detected at line 460
[]
 []

Chapter 2.

Underfull \hbox (badness 10000) has occurred while \output is active
 [][][][] 
 []

[13

] [14]
Underfull \hbox (badness 1342) in paragraph at lines 531--533
[]\LUC/nanummj/m/n/12/b2 ‰\LUC/nanummj/m/n/12/b9 Ã \LUC/nanummj/m/n/12/be D\LUC
/nanummj/m/n/12/ad l\LUC/nanummj/m/n/12/d6 ç\LUC/nanummj/m/n/12/bd Ñ\LUC/nanumm
j/m/n/12/c1 ^^]\LUC/nanummj/m/n/12/c7 D ^^D\LUC/nanummj/m/n/12/d5 \ h\LUC/nanum
mj/m/n/12/c2 ^^X\LUC/nanummj/m/n/12/c7 X Ö\LUC/nanummj/m/n/12/b8 %\LUC/nanummj/
m/n/12/c7 D ^^D\LUC/nanummj/m/n/12/d5 t \T1/lmtt/m/n/12 tibble \LUC/nanummj/m/n
/12/d6 ^^U\LUC/nanummj/m/n/12/c2 ›\LUC/nanummj/m/n/12/c7 @
 []

[15]
Underfull \vbox (badness 10000) has occurred while \output is active []


Overfull \hbox (336.25pt too wide) has occurred while \output is active
[]
 []


Underfull \vbox (badness 10000) has occurred while \output is active []


Overfull \hbox (336.25pt too wide) has occurred while \output is active
[]
 []


Underfull \vbox (badness 10000) has occurred while \output is active []


Overfull \hbox (336.25pt too wide) has occurred while \output is active
[]
 []


Underfull \vbox (badness 10000) has occurred while \output is active []


Overfull \hbox (336.25pt too wide) has occurred while \output is active
[]
 []


Underfull \hbox (badness 10000) has occurred while \output is active
 [][][][] 
 []

[16

]
Underfull \vbox (badness 10000) detected at line 544
 []


Overfull \hbox (336.25pt too wide) detected at line 544
[]
 []


Underfull \vbox (badness 10000) detected at line 544
 []


Overfull \hbox (336.25pt too wide) detected at line 544
[]
 []


Underfull \vbox (badness 10000) detected at line 544
 []


Overfull \hbox (336.25pt too wide) detected at line 544
[]
 []


Underfull \vbox (badness 10000) detected at line 544
 []


Overfull \hbox (336.25pt too wide) detected at line 544
[]
 []

Chapter 3.

LaTeX Warning: Reference `tab:head' on page 17 undefined on input line 571.


LaTeX Warning: Reference `fig:ggtheoph' on page 17 undefined on input line 604.



Underfull \hbox (badness 10000) has occurred while \output is active
 [][][][] 
 []

[17

]
<03-data_files/figure-latex/ggtheoph-1.pdf, id=296, 433.62pt x 252.945pt>
File: 03-data_files/figure-latex/ggtheoph-1.pdf Graphic file (type pdf)
<use 03-data_files/figure-latex/ggtheoph-1.pdf>
Package pdftex.def Info: 03-data_files/figure-latex/ggtheoph-1.pdf  used on inp
ut line 618.
(pdftex.def)             Requested size: 336.51518pt x 196.30052pt.
[18] [19 <./03-data_files/figure-latex/ggtheoph-1.pdf>]
Underfull \vbox (badness 10000) has occurred while \output is active []


Overfull \hbox (336.25pt too wide) has occurred while \output is active
[]
 []


Underfull \vbox (badness 10000) has occurred while \output is active []


Overfull \hbox (336.25pt too wide) has occurred while \output is active
[]
 []


Underfull \vbox (badness 10000) has occurred while \output is active []


Overfull \hbox (336.25pt too wide) has occurred while \output is active
[]
 []


Underfull \vbox (badness 10000) has occurred while \output is active []


Overfull \hbox (336.25pt too wide) has occurred while \output is active
[]
 []


Underfull \hbox (badness 10000) has occurred while \output is active
 [][][][] 
 []

[20

]
Underfull \vbox (badness 10000) detected at line 622
 []


Overfull \hbox (336.25pt too wide) detected at line 622
[]
 []


Underfull \vbox (badness 10000) detected at line 622
 []


Overfull \hbox (336.25pt too wide) detected at line 622
[]
 []


Underfull \vbox (badness 10000) detected at line 622
 []


Overfull \hbox (336.25pt too wide) detected at line 622
[]
 []


Underfull \vbox (badness 10000) detected at line 622
 []


Overfull \hbox (336.25pt too wide) detected at line 622
[]
 []

Chapter 4.

Underfull \hbox (badness 1087) in paragraph at lines 634--641
[]\T1/lmr/m/n/12 (+20) Conduct a non-com-part-men-tal anal-y-sis with in-dus-tr
ial
 []


Overfull \hbox (126.62523pt too wide) in paragraph at lines 661--661
[]\T1/lmtt/m/n/12 ## function (concData, key = "Subject", colTime = "Time", col
Conc = "conc",[] 
 []


Overfull \hbox (64.8752pt too wide) in paragraph at lines 661--661
[]\T1/lmtt/m/n/12 ##     dose = 0, adm = "Extravascular", dur = 0, doseUnit = "
mg",[] 
 []


Overfull \hbox (101.91821pt too wide) in paragraph at lines 661--661
[]\T1/lmtt/m/n/12 ##     timeUnit = "h", concUnit = "ug/L", down = "Linear", R2
ADJ = 0.9,[] 
 []


Underfull \hbox (badness 10000) has occurred while \output is active
 [][][][] 
 []

[21

]
Underfull \hbox (badness 10000) detected at line 672
 [][]
 []


Underfull \hbox (badness 10000) detected at line 672
[][][]
 []


Underfull \hbox (badness 10000) detected at line 682
 [][]
 []


Underfull \hbox (badness 10000) detected at line 682
[][][]
 []


Underfull \hbox (badness 10000) detected at line 690
 [][]
 []


Underfull \hbox (badness 10000) detected at line 690
[][][]
 []


Underfull \hbox (badness 10000) detected at line 700
 [][]
 []


Underfull \hbox (badness 10000) detected at line 700
[][][]
 []


Underfull \hbox (badness 10000) detected at line 708
 [][]
 []


Underfull \hbox (badness 10000) detected at line 708
[][][]
 []

[22
Non-PDF special ignored!
<special> color cmyk 0 0 0 1.0
Non-PDF special ignored!
<special> color cmyk 0 0 0 1.0
Non-PDF special ignored!
<special> color cmyk 0 0 0 1.0
Non-PDF special ignored!
<special> color cmyk 0 0 0 1.0
Non-PDF special ignored!
<special> color cmyk 0 0 0 1.0
]
Overfull \hbox (157.50024pt too wide) in paragraph at lines 794--794
[]\T1/lmtt/m/n/12 ##    Subject       b0  CMAX      CMAXD TMAX TLAG CLST     CL
STP  TLST    LAMZHL[] 
 []


Overfull \hbox (157.48624pt too wide) in paragraph at lines 794--794
[]\T1/lmtt/m/n/12 ## 1        1 2.368785 10.50 0.03281250 1.12    0 3.28 3.2801
465 24.37 14.304378[] 
 []


Overfull \hbox (157.44421pt too wide) in paragraph at lines 794--794
[]\T1/lmtt/m/n/12 ## 2        2 2.411237  8.33 0.02603125 1.92    0 0.90 0.8886
398 24.30  6.659342[] 
 []


Overfull \hbox (157.45122pt too wide) in paragraph at lines 794--794
[]\T1/lmtt/m/n/12 ## 3        3 2.529712  8.20 0.02562500 1.02    0 1.05 1.0550
967 24.17  6.766087[] 
 []


Overfull \hbox (157.44421pt too wide) in paragraph at lines 794--794
[]\T1/lmtt/m/n/12 ## 4        4 2.592755  8.60 0.02687500 1.07    0 1.15 1.1564
216 24.65  6.981247[] 
 []


Overfull \hbox (157.46523pt too wide) in paragraph at lines 794--794
[]\T1/lmtt/m/n/12 ## 5        5 2.551092 11.40 0.03562500 1.00    0 1.57 1.5556
951 24.35  8.002264[] 
 []


Overfull \hbox (157.44421pt too wide) in paragraph at lines 794--794
[]\T1/lmtt/m/n/12 ## 6        6 2.033404  6.44 0.02012500 1.15    0 0.92 0.9412
712 23.85  7.894998[] 
 []


Overfull \hbox (157.45122pt too wide) in paragraph at lines 794--794
[]\T1/lmtt/m/n/12 ## 7        7 2.288550  7.09 0.02215625 3.48    0 1.15 1.1607
192 24.22  7.846668[] 
 []


Overfull \hbox (157.47923pt too wide) in paragraph at lines 794--794
[]\T1/lmtt/m/n/12 ## 8        8 2.170403  7.56 0.02362500 2.02    0 1.25 1.2285
268 24.12  8.510038[] 
 []


Overfull \hbox (157.43721pt too wide) in paragraph at lines 794--794
[]\T1/lmtt/m/n/12 ## 9        9 2.124648  9.03 0.02821875 0.63    0 1.12 1.1164
831 24.43  8.405999[] 
 []


Overfull \hbox (157.43721pt too wide) in paragraph at lines 794--794
[]\T1/lmtt/m/n/12 ## 10      10 2.657705 10.21 0.03190625 3.55    0 2.42 2.4136
923 23.70  9.246916[] 
 []


Overfull \hbox (157.45122pt too wide) in paragraph at lines 794--794
[]\T1/lmtt/m/n/12 ## 11      11 2.147594  8.00 0.02500000 0.98    0 0.86 0.8598
066 24.08  7.261237[] 
 []


Overfull \hbox (157.45822pt too wide) in paragraph at lines 794--794
[]\T1/lmtt/m/n/12 ## 12      12 2.824493  9.75 0.03046875 3.52    0 1.17 1.1755
390 24.15  6.286508[] 
 []


Overfull \hbox (151.32524pt too wide) in paragraph at lines 794--794
[]\T1/lmtt/m/n/12 ##          LAMZ LAMZLL LAMZUL LAMZNPT     CORRXY        R2  
   R2ADJ    AUCLST[] 
 []


Overfull \hbox (151.17816pt too wide) in paragraph at lines 794--794
[]\T1/lmtt/m/n/12 ## 1  0.04845700   9.05  24.37       3 -0.9999999 0.9999997 0
.9999995 148.92305[] 
 []


Overfull \hbox (151.23419pt too wide) in paragraph at lines 794--794
[]\T1/lmtt/m/n/12 ## 2  0.10408644   7.03  24.30       4 -0.9985967 0.9971954 0
.9957931  91.52680[] 
 []


Overfull \hbox (151.20618pt too wide) in paragraph at lines 794--794
[]\T1/lmtt/m/n/12 ## 3  0.10244431   9.00  24.17       3 -0.9996624 0.9993250 0
.9986499  99.28650[] 
 []


Overfull \hbox (151.20618pt too wide) in paragraph at lines 794--794
[]\T1/lmtt/m/n/12 ## 4  0.09928702   9.02  24.65       3 -0.9994619 0.9989241 0
.9978483 106.79630[] 
 []


Overfull \hbox (151.2412pt too wide) in paragraph at lines 794--794
[]\T1/lmtt/m/n/12 ## 5  0.08661888   7.02  24.35       4 -0.9993234 0.9986472 0
.9979708 121.29440[] 
 []


Overfull \hbox (151.2482pt too wide) in paragraph at lines 794--794
[]\T1/lmtt/m/n/12 ## 6  0.08779574   2.03  23.85       7 -0.9991203 0.9982413 0
.9978896  73.77555[] 
 []


Overfull \hbox (151.23419pt too wide) in paragraph at lines 794--794
[]\T1/lmtt/m/n/12 ## 7  0.08833650   6.98  24.22       4 -0.9993349 0.9986702 0
.9980053  90.75340[] 
 []


Overfull \hbox (151.2482pt too wide) in paragraph at lines 794--794
[]\T1/lmtt/m/n/12 ## 8  0.08145054   3.53  24.12       6 -0.9954961 0.9910124 0
.9887655  88.55995[] 
 []


Overfull \hbox (151.2412pt too wide) in paragraph at lines 794--794
[]\T1/lmtt/m/n/12 ## 9  0.08245863   8.80  24.43       3 -0.9997218 0.9994437 0
.9988873  86.32615[] 
 []


Overfull \hbox (151.23419pt too wide) in paragraph at lines 794--794
[]\T1/lmtt/m/n/12 ## 10 0.07495982   9.38  23.70       3 -0.9997543 0.9995087 0
.9990174 138.36810[] 
 []


Overfull \hbox (151.17116pt too wide) in paragraph at lines 794--794
[]\T1/lmtt/m/n/12 ## 11 0.09545856   9.03  24.08       3 -0.9999991 0.9999983 0
.9999965  80.09360[] 
 []


Overfull \hbox (151.19217pt too wide) in paragraph at lines 794--794
[]\T1/lmtt/m/n/12 ## 12 0.11025949   9.03  24.15       3 -0.9996984 0.9993968 0
.9987936 119.97750[] 
 []


Overfull \hbox (126.62523pt too wide) in paragraph at lines 794--794
[]\T1/lmtt/m/n/12 ##       AUCALL    AUCIFO   AUCIFOD    AUCIFP   AUCIFPD    AU
CPEO    AUCPEP[] 
 []


Overfull \hbox (126.50616pt too wide) in paragraph at lines 794--794
[]\T1/lmtt/m/n/12 ## 1  148.92305 216.61193 0.6769123 216.61496 0.6769217 31.24
8917 31.249876[] 
 []


Overfull \hbox (126.5832pt too wide) in paragraph at lines 794--794
[]\T1/lmtt/m/n/12 ## 2   91.52680 100.17346 0.3130421 100.06432 0.3127010  8.63
1687  8.532030[] 
 []


Overfull \hbox (126.54118pt too wide) in paragraph at lines 794--794
[]\T1/lmtt/m/n/12 ## 3   99.28650 109.53597 0.3422999 109.58572 0.3424554  9.35
7173  9.398325[] 
 []


Overfull \hbox (126.54819pt too wide) in paragraph at lines 794--794
[]\T1/lmtt/m/n/12 ## 4  106.79630 118.37888 0.3699340 118.44356 0.3701361  9.78
4331  9.833594[] 
 []


Overfull \hbox (126.5622pt too wide) in paragraph at lines 794--794
[]\T1/lmtt/m/n/12 ## 5  121.29440 139.41978 0.4356868 139.25463 0.4351707 13.00
0579 12.897403[] 
 []


Overfull \hbox (126.5692pt too wide) in paragraph at lines 794--794
[]\T1/lmtt/m/n/12 ## 6   73.77555  84.25442 0.2632951  84.49670 0.2640522 12.43
7174 12.688246[] 
 []


Overfull \hbox (126.55519pt too wide) in paragraph at lines 794--794
[]\T1/lmtt/m/n/12 ## 7   90.75340 103.77180 0.3242869 103.89315 0.3246661 12.54
5221 12.647366[] 
 []

[23]
Overfull \hbox (126.55519pt too wide) in paragraph at lines 794--794
[]\T1/lmtt/m/n/12 ## 8   88.55995 103.90669 0.3247084 103.64305 0.3238845 14.76
9730 14.552931[] 
 []


Overfull \hbox (126.53418pt too wide) in paragraph at lines 794--794
[]\T1/lmtt/m/n/12 ## 9   86.32615  99.90872 0.3122147  99.86607 0.3120815 13.59
4978 13.558076[] 
 []


Overfull \hbox (126.5832pt too wide) in paragraph at lines 794--794
[]\T1/lmtt/m/n/12 ## 10 138.36810 170.65206 0.5332877 170.56791 0.5330247 18.91
8002 18.878001[] 
 []


Overfull \hbox (126.5622pt too wide) in paragraph at lines 794--794
[]\T1/lmtt/m/n/12 ## 11  80.09360  89.10274 0.2784461  89.10072 0.2784397 10.11
0962 10.108918[] 
 []


Overfull \hbox (126.5832pt too wide) in paragraph at lines 794--794
[]\T1/lmtt/m/n/12 ## 12 119.97750 130.58883 0.4080901 130.63907 0.4082471  8.12
5757  8.161087[] 
 []


Overfull \hbox (157.50024pt too wide) in paragraph at lines 794--794
[]\T1/lmtt/m/n/12 ##      AUMCLST   AUMCIFO   AUMCIFP  AUMCPEO  AUMCPEP     VZF
O     VZFP     CLFO[] 
 []


Overfull \hbox (157.4162pt too wide) in paragraph at lines 794--794
[]\T1/lmtt/m/n/12 ## 1  1459.0711 4505.5348 4505.6709 67.61603 67.61701 30.4867
5 30.48632 1.477296[] 
 []


Overfull \hbox (157.36717pt too wide) in paragraph at lines 794--794
[]\T1/lmtt/m/n/12 ## 2   706.5866  999.7723  996.0716 29.32525 29.06267 30.6904
4 30.72392 3.194459[] 
 []


Overfull \hbox (157.44421pt too wide) in paragraph at lines 794--794
[]\T1/lmtt/m/n/12 ## 3   803.1859 1150.9648 1152.6529 30.21629 30.31850 28.5171
0 28.50415 2.921415[] 
 []


Overfull \hbox (157.46523pt too wide) in paragraph at lines 794--794
[]\T1/lmtt/m/n/12 ## 4   901.0842 1303.2524 1305.4981 30.85881 30.97775 27.2259
6 27.21110 2.703185[] 
 []


Overfull \hbox (157.38818pt too wide) in paragraph at lines 794--794
[]\T1/lmtt/m/n/12 ## 5  1017.1143 1667.7216 1661.7937 39.01174 38.79419 26.4979
9 26.52942 2.295227[] 
 []


Overfull \hbox (157.40219pt too wide) in paragraph at lines 794--794
[]\T1/lmtt/m/n/12 ## 6   609.1524  978.4285  986.9665 37.74176 38.28034 43.2597
3 43.13569 3.798020[] 
 []


Overfull \hbox (157.4162pt too wide) in paragraph at lines 794--794
[]\T1/lmtt/m/n/12 ## 7   782.4199 1245.0984 1249.4111 37.16000 37.37691 34.9084
4 34.86767 3.083689[] 
 []


Overfull \hbox (157.4162pt too wide) in paragraph at lines 794--794
[]\T1/lmtt/m/n/12 ## 8   739.5346 1298.1158 1288.5201 43.03015 42.60589 37.8105
1 37.90669 3.079686[] 
 []


Overfull \hbox (157.45122pt too wide) in paragraph at lines 794--794
[]\T1/lmtt/m/n/12 ## 9   705.2296 1201.7715 1200.2124 41.31750 41.24126 38.8427
9 38.85938 3.202924[] 
 []


Overfull \hbox (157.47223pt too wide) in paragraph at lines 794--794
[]\T1/lmtt/m/n/12 ## 10 1278.1800 2473.9934 2470.8765 48.33535 48.27018 25.0155
4 25.02788 1.875160[] 
 []


Overfull \hbox (157.4092pt too wide) in paragraph at lines 794--794
[]\T1/lmtt/m/n/12 ## 11  617.2422  928.5600  928.4900 33.52694 33.52193 37.6221
9 37.62304 3.591360[] 
 []


Overfull \hbox (157.44421pt too wide) in paragraph at lines 794--794
[]\T1/lmtt/m/n/12 ## 12  977.8807 1330.3840 1332.0528 26.49636 26.58844 22.2242
9 22.21575 2.450439[] 
 []

[24]
Underfull \hbox (badness 10000) detected at line 817
 [][]
 []


Underfull \hbox (badness 10000) detected at line 817
[][][]
 []

[25
Non-PDF special ignored!
<special> color cmyk 0 0 0 1.0
]
Underfull \hbox (badness 3168) in paragraph at lines 888--889
\T1/lmr/m/n/12 (+20) NonCompart \LUC/nanummj/m/n/12/d3 (\LUC/nanummj/m/n/12/d0 
§\LUC/nanummj/m/n/12/c9 ¿ \LUC/nanummj/m/n/12/b0 ¥\LUC/nanummj/m/n/12/c7 X \LUC
/nanummj/m/n/12/c5 Ï\LUC/nanummj/m/n/12/b7 Ï\LUC/nanummj/m/n/12/ac ^^@\LUC/nanu
mmj/m/n/12/c9 ¿ \LUC/nanummj/m/n/12/d5 h\LUC/nanummj/m/n/12/c2 ^^X\LUC/nanummj/
m/n/12/b9 | \LUC/nanummj/m/n/12/c0 ¥\LUC/nanummj/m/n/12/d3 ¥\LUC/nanummj/m/n/12
/bc Ù\LUC/nanummj/m/n/12/ac †\LUC/nanummj/m/n/12/c2 µ\LUC/nanummj/m/n/12/b2 »‰\
T1/lmr/m/n/12 (+20) .
 []

[26] [27] [28]
Underfull \vbox (badness 10000) detected at line 970
 []


Overfull \hbox (336.25pt too wide) detected at line 970
[]
 []


Underfull \vbox (badness 10000) detected at line 970
 []


Overfull \hbox (336.25pt too wide) detected at line 970
[]
 []


Underfull \vbox (badness 10000) detected at line 970
 []


Overfull \hbox (336.25pt too wide) detected at line 970
[]
 []


Underfull \vbox (badness 10000) detected at line 970
 []


Overfull \hbox (336.25pt too wide) detected at line 970
[]
 []

Chapter 5.

Underfull \hbox (badness 10000) has occurred while \output is active
 [][][][] 
 []

[29


] [30]
Underfull \vbox (badness 10000) detected at line 1115
 []


Underfull \vbox (badness 10000) detected at line 1115
 []

[31] [32]

LaTeX Warning: Reference `theophgroup' on page 33 undefined on input line 1144.



LaTeX Warning: Reference `fig:pdfnca-output' on page 33 undefined on input line
 1149.

<Output-ncar/montage.png, id=407, 256.96pt x 126.4725pt>
File: Output-ncar/montage.png Graphic file (type png)
<use Output-ncar/montage.png>
Package pdftex.def Info: Output-ncar/montage.png  used on input line 1177.
(pdftex.def)             Requested size: 256.96327pt x 126.4741pt.
[33 <./Output-ncar/montage.png>] [34]
Underfull \vbox (badness 10000) detected at line 1194
 []


Overfull \hbox (336.25pt too wide) detected at line 1194
[]
 []


Underfull \vbox (badness 10000) detected at line 1194
 []


Overfull \hbox (336.25pt too wide) detected at line 1194
[]
 []


Underfull \vbox (badness 10000) detected at line 1194
 []


Overfull \hbox (336.25pt too wide) detected at line 1194
[]
 []


Underfull \vbox (badness 10000) detected at line 1194
 []


Overfull \hbox (336.25pt too wide) detected at line 1194
[]
 []

Chapter 6.

Underfull \hbox (badness 10000) has occurred while \output is active
 [][][][] 
 []

[35


]
Overfull \hbox (126.62523pt too wide) in paragraph at lines 1236--1236
[]\T1/lmtt/m/n/12 ## function (concData, id, Time, conc, unitTime = "hr", unitC
onc = "ng/mL",[] 
 []


Overfull \hbox (64.8752pt too wide) in paragraph at lines 1236--1236
[]\T1/lmtt/m/n/12 ##     trt = "", fit = "Linear", dose = 0, adm = "Extravascul
ar",[] 
 []

<Output/Individual PK Linear Scale for Theoph.pdf, id=436, 722.7pt x 722.7pt>
File: Output/Individual PK Linear Scale for Theoph.pdf Graphic file (type pdf)
<use Output/Individual PK Linear Scale for Theoph.pdf>
Package pdftex.def Info: Output/Individual PK Linear Scale for Theoph.pdf  used
 on input line 1264.
(pdftex.def)             Requested size: 336.50415pt x 336.50415pt.
<Output/Individual PK Log 10 Scale for Theoph.pdf, id=437, 722.7pt x 722.7pt>
File: Output/Individual PK Log 10 Scale for Theoph.pdf Graphic file (type pdf)
<use Output/Individual PK Log 10 Scale for Theoph.pdf>
Package pdftex.def Info: Output/Individual PK Log 10 Scale for Theoph.pdf  used
 on input line 1268.
(pdftex.def)             Requested size: 336.50415pt x 336.50415pt.
<Output/PK Profile Linear Scale for Theoph.png, id=438, 578.16pt x 385.44pt>
File: Output/PK Profile Linear Scale for Theoph.png Graphic file (type png)
<use Output/PK Profile Linear Scale for Theoph.png>
Package pdftex.def Info: Output/PK Profile Linear Scale for Theoph.png  used on
 input line 1272.
(pdftex.def)             Requested size: 336.49753pt x 224.33168pt.
File: Output/Individual PK Linear Scale for Theoph.pdf Graphic file (type pdf)
<use Output/Individual PK Linear Scale for Theoph.pdf>
Package pdftex.def Info: Output/Individual PK Linear Scale for Theoph.pdf  used
 on input line 1286.
(pdftex.def)             Requested size: 336.50415pt x 336.50415pt.
File: Output/Individual PK Log 10 Scale for Theoph.pdf Graphic file (type pdf)
<use Output/Individual PK Log 10 Scale for Theoph.pdf>
Package pdftex.def Info: Output/Individual PK Log 10 Scale for Theoph.pdf  used
 on input line 1290.
(pdftex.def)             Requested size: 336.50415pt x 336.50415pt.
[36] [37 <./Output/Individual PK Linear Scale for Theoph.pdf>] [38 <./Output/In
dividual PK Log 10 Scale for Theoph.pdf>] [39 <./Output/PK Profile Linear Scale
 for Theoph.png>] [40] [41]
Underfull \vbox (badness 10000) has occurred while \output is active []


Overfull \hbox (336.25pt too wide) has occurred while \output is active
[]
 []


Underfull \vbox (badness 10000) has occurred while \output is active []


Overfull \hbox (336.25pt too wide) has occurred while \output is active
[]
 []


Underfull \vbox (badness 10000) has occurred while \output is active []


Overfull \hbox (336.25pt too wide) has occurred while \output is active
[]
 []


Underfull \vbox (badness 10000) has occurred while \output is active []


Overfull \hbox (336.25pt too wide) has occurred while \output is active
[]
 []


Underfull \hbox (badness 10000) has occurred while \output is active
 [][][][] 
 []

[42

]
Underfull \vbox (badness 10000) detected at line 1294
 []


Overfull \hbox (336.25pt too wide) detected at line 1294
[]
 []


Underfull \vbox (badness 10000) detected at line 1294
 []


Overfull \hbox (336.25pt too wide) detected at line 1294
[]
 []


Underfull \vbox (badness 10000) detected at line 1294
 []


Overfull \hbox (336.25pt too wide) detected at line 1294
[]
 []


Underfull \vbox (badness 10000) detected at line 1294
 []


Overfull \hbox (336.25pt too wide) detected at line 1294
[]
 []

Chapter 7.

Underfull \hbox (badness 10000) has occurred while \output is active
 [][][][] 
 []

[43

] [44]
Underfull \vbox (badness 10000) detected at line 1346
 []


Overfull \hbox (336.25pt too wide) detected at line 1346
[]
 []


Underfull \vbox (badness 10000) detected at line 1346
 []


Overfull \hbox (336.25pt too wide) detected at line 1346
[]
 []


Underfull \vbox (badness 10000) detected at line 1346
 []


Overfull \hbox (336.25pt too wide) detected at line 1346
[]
 []


Underfull \vbox (badness 10000) detected at line 1346
 []


Overfull \hbox (336.25pt too wide) detected at line 1346
[]
 []

Chapter 8.

LaTeX Warning: Reference `noncompart' on page 45 undefined on input line 1364.


Overfull \hbox (34.59161pt too wide) in paragraph at lines 1375--1454
[][] 
 []


Underfull \hbox (badness 10000) has occurred while \output is active
 [][][][] 
 []

[45


]
Overfull \vbox (21.49942pt too high) has occurred while \output is active []

[46]

LaTeX Warning: Reference `eq:be' on page 47 undefined on input line 1461.


! Package amsmath Error: Erroneous nesting of equation structures;
(amsmath)                trying to recover with `aligned'.

See the amsmath package documentation for explanation.
Type  H <return>  for immediate help.
 ...                                              
                                                  
l.1467 \end{align}
                   
Here is how much of TeX's memory you used:
 14819 strings out of 480478
 219275 string characters out of 5903485
 531694 words of memory out of 5000000
 30198 multiletter control sequences out of 15000+600000
 667147 words of font info for 283 fonts, out of 8000000 for 9000
 1141 hyphenation exceptions out of 8191
 41i,16n,42p,808b,584s stack positions out of 5000i,500n,10000p,200000b,80000s

!  ==> Fatal error occurred, no output PDF file produced!
