This is XeTeX, Version 3.14159265-2.6-0.99996 (TeX Live 2016) (preloaded format=xelatex 2017.2.15)  6 NOV 2017 12:40
entering extended mode
 restricted \write18 enabled.
 %&-line parsing enabled.
**before_body.tex
(./before_body.tex
LaTeX2e <2017/01/01> patch level 1
Babel <3.9r> and hyphenation patterns for 83 language(s) loaded.

! LaTeX Error: Missing \begin{document}.

See the LaTeX manual or LaTeX Companion for explanation.
Type  H <return>  for immediate help.
 ...                                              
                                                  
l.5 \begin{center}
                  
You're in trouble here.  Try typing  <return>  to proceed.
If that doesn't work, type  X <return>  to quit.


Overfull \hbox (20.0pt too wide) in paragraph at lines 5--5
[] 
 []

)
! Emergency stop.
<*> before_body.tex
                   
*** (job aborted, no legal \end found)

 
Here is how much of TeX's memory you used:
 4 strings out of 493080
 58 string characters out of 6135780
 55584 words of memory out of 5000000
 4012 multiletter control sequences out of 15000+600000
 3640 words of font info for 14 fonts, out of 8000000 for 9000
 1347 hyphenation exceptions out of 8191
 9i,1n,4p,69b,59s stack positions out of 5000i,500n,10000p,200000b,80000s
No pages of output.
